{"uuid":"26ddf707-ce4f-4db6-b687-41270d2d716d","historyId":"5d74db3e1cb47a256f47d7c752b207f7","fullName":"testPackage.Task1Test.navigateToDuckduckgoAndCheckLogo","labels":[{"name":"package","value":"testPackage.Task1Test"},{"name":"testClass","value":"testPackage.Task1Test"},{"name":"testMethod","value":"navigateToDuckduckgoAndCheckLogo"},{"name":"parentSuite","value":"Default Suite"},{"name":"suite","value":"ShiftDemo"},{"name":"subSuite","value":"testPackage.Task1Test"},{"name":"host","value":"YUNUS-DESKTOP"},{"name":"thread","value":"15128@YUNUS-DESKTOP.main(1)"},{"name":"framework","value":"testng"},{"name":"language","value":"java"}],"links":[],"name":"navigateToDuckduckgoAndCheckLogo","status":"failed","statusDetails":{"known":false,"muted":false,"flaky":false,"message":"Assertion failed; expected true, but found false","trace":"java.lang.AssertionError: Assertion failed; expected true, but found false\r\n\tat org.testng.Assert.fail(Assert.java:111)\r\n\tat com.shaft.tools.io.internal.FailureReporter.fail(FailureReporter.java:38)\r\n\tat com.shaft.validation.internal.ValidationsHelper2.lambda$reportValidationState$14(ValidationsHelper2.java:412)\r\n\tat io.qameta.allure.AllureLifecycle.updateStep(AllureLifecycle.java:520)\r\n\tat io.qameta.allure.AllureLifecycle.updateStep(AllureLifecycle.java:501)\r\n\tat com.shaft.validation.internal.ValidationsHelper2.reportValidationState(ValidationsHelper2.java:412)\r\n\tat com.shaft.validation.internal.ValidationsHelper2.validateElementMatches(ValidationsHelper2.java:343)\r\n\tat com.shaft.validation.internal.ValidationsExecutor.performValidation(ValidationsExecutor.java:173)\r\n\tat com.shaft.validation.internal.ValidationsExecutor.internalPerform(ValidationsExecutor.java:154)\r\n\tat com.shaft.validation.internal.WebDriverElementValidationsBuilder.matchesReferenceImage(WebDriverElementValidationsBuilder.java:68)\r\n\tat testPackage.Task1Test.navigateToDuckduckgoAndCheckLogo(Task1Test.java:19)\r\n\tat java.base/jdk.internal.reflect.DirectMethodHandleAccessor.invoke(DirectMethodHandleAccessor.java:103)\r\n\tat java.base/java.lang.reflect.Method.invoke(Method.java:580)\r\n\tat org.testng.internal.invokers.MethodInvocationHelper.invokeMethod(MethodInvocationHelper.java:141)\r\n\tat org.testng.internal.invokers.TestInvoker.invokeMethod(TestInvoker.java:687)\r\n\tat org.testng.internal.invokers.TestInvoker.invokeTestMethod(TestInvoker.java:230)\r\n\tat org.testng.internal.invokers.MethodRunner.runInSequence(MethodRunner.java:63)\r\n\tat org.testng.internal.invokers.TestInvoker$MethodInvocationAgent.invoke(TestInvoker.java:995)\r\n\tat org.testng.internal.invokers.TestInvoker.invokeTestMethods(TestInvoker.java:203)\r\n\tat org.testng.internal.invokers.TestMethodWorker.invokeTestMethods(TestMethodWorker.java:154)\r\n\tat org.testng.internal.invokers.TestMethodWorker.run(TestMethodWorker.java:134)\r\n\tat java.base/java.util.ArrayList.forEach(ArrayList.java:1597)\r\n\tat org.testng.TestRunner.privateRun(TestRunner.java:741)\r\n\tat org.testng.TestRunner.run(TestRunner.java:616)\r\n\tat org.testng.SuiteRunner.runTest(SuiteRunner.java:421)\r\n\tat org.testng.SuiteRunner.runSequentially(SuiteRunner.java:413)\r\n\tat org.testng.SuiteRunner.privateRun(SuiteRunner.java:373)\r\n\tat org.testng.SuiteRunner.run(SuiteRunner.java:312)\r\n\tat org.testng.SuiteRunnerWorker.runSuite(SuiteRunnerWorker.java:52)\r\n\tat org.testng.SuiteRunnerWorker.run(SuiteRunnerWorker.java:95)\r\n\tat org.testng.TestNG.runSuitesSequentially(TestNG.java:1274)\r\n\tat org.testng.TestNG.runSuitesLocally(TestNG.java:1208)\r\n\tat org.testng.TestNG.runSuites(TestNG.java:1112)\r\n\tat org.testng.TestNG.run(TestNG.java:1079)\r\n\tat com.intellij.rt.testng.IDEARemoteTestNG.run(IDEARemoteTestNG.java:65)\r\n\tat com.intellij.rt.testng.RemoteTestNGStarter.main(RemoteTestNGStarter.java:105)\r\n"},"stage":"finished","steps":[{"name":"Navigate to url \"https://duckduckgo.com/\".","status":"passed","stage":"finished","steps":[],"attachments":[],"parameters":[],"start":1755777070415,"stop":1755777070416},{"name":" Assert that the element located by \"By.xpath: //div[contains(@class,'Desktop')]//img\" matches the reference image \"EXACT_SHUTTERBUG\".","status":"failed","statusDetails":{"known":false,"muted":false,"flaky":false,"message":"Assertion failed; expected true, but found false","trace":"java.lang.AssertionError: Assertion failed; expected true, but found false\r\n\tat org.testng.Assert.fail(Assert.java:111)\r\n\tat com.shaft.tools.io.internal.FailureReporter.fail(FailureReporter.java:38)\r\n\tat com.shaft.validation.internal.ValidationsHelper2.lambda$reportValidationState$14(ValidationsHelper2.java:412)\r\n\tat io.qameta.allure.AllureLifecycle.updateStep(AllureLifecycle.java:520)\r\n\tat io.qameta.allure.AllureLifecycle.updateStep(AllureLifecycle.java:501)\r\n\tat com.shaft.validation.internal.ValidationsHelper2.reportValidationState(ValidationsHelper2.java:412)\r\n\tat com.shaft.validation.internal.ValidationsHelper2.validateElementMatches(ValidationsHelper2.java:343)\r\n\tat com.shaft.validation.internal.ValidationsExecutor.performValidation(ValidationsExecutor.java:173)\r\n\tat com.shaft.validation.internal.ValidationsExecutor.internalPerform(ValidationsExecutor.java:154)\r\n\tat com.shaft.validation.internal.WebDriverElementValidationsBuilder.matchesReferenceImage(WebDriverElementValidationsBuilder.java:68)\r\n\tat testPackage.Task1Test.navigateToDuckduckgoAndCheckLogo(Task1Test.java:19)\r\n\tat java.base/jdk.internal.reflect.DirectMethodHandleAccessor.invoke(DirectMethodHandleAccessor.java:103)\r\n\tat java.base/java.lang.reflect.Method.invoke(Method.java:580)\r\n\tat org.testng.internal.invokers.MethodInvocationHelper.invokeMethod(MethodInvocationHelper.java:141)\r\n\tat org.testng.internal.invokers.TestInvoker.invokeMethod(TestInvoker.java:687)\r\n\tat org.testng.internal.invokers.TestInvoker.invokeTestMethod(TestInvoker.java:230)\r\n\tat org.testng.internal.invokers.MethodRunner.runInSequence(MethodRunner.java:63)\r\n\tat org.testng.internal.invokers.TestInvoker$MethodInvocationAgent.invoke(TestInvoker.java:995)\r\n\tat org.testng.internal.invokers.TestInvoker.invokeTestMethods(TestInvoker.java:203)\r\n\tat org.testng.internal.invokers.TestMethodWorker.invokeTestMethods(TestMethodWorker.java:154)\r\n\tat org.testng.internal.invokers.TestMethodWorker.run(TestMethodWorker.java:134)\r\n\tat java.base/java.util.ArrayList.forEach(ArrayList.java:1597)\r\n\tat org.testng.TestRunner.privateRun(TestRunner.java:741)\r\n\tat org.testng.TestRunner.run(TestRunner.java:616)\r\n\tat org.testng.SuiteRunner.runTest(SuiteRunner.java:421)\r\n\tat org.testng.SuiteRunner.runSequentially(SuiteRunner.java:413)\r\n\tat org.testng.SuiteRunner.privateRun(SuiteRunner.java:373)\r\n\tat org.testng.SuiteRunner.run(SuiteRunner.java:312)\r\n\tat org.testng.SuiteRunnerWorker.runSuite(SuiteRunnerWorker.java:52)\r\n\tat org.testng.SuiteRunnerWorker.run(SuiteRunnerWorker.java:95)\r\n\tat org.testng.TestNG.runSuitesSequentially(TestNG.java:1274)\r\n\tat org.testng.TestNG.runSuitesLocally(TestNG.java:1208)\r\n\tat org.testng.TestNG.runSuites(TestNG.java:1112)\r\n\tat org.testng.TestNG.run(TestNG.java:1079)\r\n\tat com.intellij.rt.testng.IDEARemoteTestNG.run(IDEARemoteTestNG.java:65)\r\n\tat com.intellij.rt.testng.RemoteTestNGStarter.main(RemoteTestNGStarter.java:105)\r\n"},"stage":"finished","steps":[{"name":"Element Locator: By.xpath: //div[contains(@class,'Desktop')]//img was formatted to: testPackage.Task1Test_By.xpath: //div[contains(@class,'Desktop')]//img","status":"passed","stage":"finished","steps":[],"attachments":[],"parameters":[],"start":1755777070770,"stop":1755777070770},{"name":"Assertion failed; expected true, but found false","status":"failed","stage":"finished","steps":[],"attachments":[],"parameters":[],"start":1755777083192,"stop":1755777083192}],"attachments":[{"name":"Screenshot diff","source":"c6f0d273-5c28-4b95-b5b3-5a976fac9677-attachment.txt","type":"application/vnd.allure.image.diff"},{"name":"Screenshot diff","source":"ceabc47b-c7aa-4b5c-bce4-ae8c8f342fcf-attachment.txt","type":"application/vnd.allure.image.diff"},{"name":"Screenshot diff","source":"626905c6-dfd4-491d-8581-70f9e875a11d-attachment.txt","type":"application/vnd.allure.image.diff"},{"name":"Screenshot diff","source":"c827ecfb-1285-4d71-8cc0-35e1667e84dc-attachment.txt","type":"application/vnd.allure.image.diff"},{"name":"Validation Test Data - Reference Screenshot","source":"9980993b-0f5b-4343-82e9-25c55daca554-attachment"},{"name":"Validation Test Data - Actual Screenshot","source":"3b76ec20-51aa-439e-be23-06518d7e7924-attachment"},{"name":"Validation Test Data - Differences","source":"4398bf87-5b83-431b-b9ee-c91c18cc3cd1-attachment"},{"name":"Validation Test Data - Actual Screenshot","source":"2da9661a-5181-4bee-a216-54b880042427-attachment"},{"name":"Validation Test Data - Differences","source":"634fc597-4d9d-4dcc-a747-6dd459fd3fd7-attachment"},{"name":"Validation Test Data - Actual Screenshot","source":"f8224fee-5ab1-46fb-b9ca-603417c2fe7f-attachment"},{"name":"Validation Test Data - Differences","source":"e8c03480-5441-46ef-9e0a-aad4a0997e65-attachment"},{"name":"Validation Test Data - Actual Screenshot","source":"02504499-e3ec-4fa8-84c3-55e5464fff91-attachment"},{"name":"Validation Test Data - Differences","source":"00e5df2e-5197-468c-9a78-c69490389d77-attachment"},{"name":"Assert - page snapshot","source":"ddfbc54c-4c9e-426e-aea4-e825601242e3-attachment"}],"parameters":[{"name":"Locator","value":"By.xpath: //div[contains(@class,'Desktop')]//img","mode":"default"},{"name":"Should exist","value":"true","mode":"default"},{"name":"Visual engine","value":"EXACT_SHUTTERBUG","mode":"default"},{"name":"Actual value","value":"false","mode":"default"}],"start":1755777070749,"stop":1755777083194}],"attachments":[{"name":"SHAFT Engine Logs - Current Method log: navigateToDuckduckgoAndCheckLogo","source":"0357ac38-2bd8-44d3-bc32-41dc20127e53-attachment.txt","type":"text/plain"}],"parameters":[],"start":1755777068258,"stop":1755777083205}